<?xml version="1.0" encoding="UTF-8"?>
<testng-results skipped="0" failed="0" total="1" passed="1">
  <reporter-output>
  </reporter-output>
  <suite name="Default suite" duration-ms="7920" started-at="2018-09-13T11:52:13Z" finished-at="2018-09-13T11:52:20Z">
    <groups>
      <group name="Sanity">
        <method signature="SpotMyFleetSuite.TC_001_verifyVehiclesAndTrips()[pri:0, instance:com.Cogniphi.School.TestSuite.SpotMyFleetSuite@5f3a4b84]" name="TC_001_verifyVehiclesAndTrips" class="com.Cogniphi.School.TestSuite.SpotMyFleetSuite"/>
      </group> <!-- Sanity -->
      <group name="Regression">
        <method signature="SpotMyFleetSuite.TC_001_verifyVehiclesAndTrips()[pri:0, instance:com.Cogniphi.School.TestSuite.SpotMyFleetSuite@5f3a4b84]" name="TC_001_verifyVehiclesAndTrips" class="com.Cogniphi.School.TestSuite.SpotMyFleetSuite"/>
      </group> <!-- Regression -->
    </groups>
    <test name="Default test" duration-ms="7920" started-at="2018-09-13T11:52:13Z" finished-at="2018-09-13T11:52:20Z">
      <class name="com.Cogniphi.School.TestSuite.SpotMyFleetSuite">
        <test-method status="PASS" signature="beforeTest()[pri:0, instance:com.Cogniphi.School.TestSuite.SpotMyFleetSuite@5f3a4b84]" name="beforeTest" is-config="true" duration-ms="37" started-at="2018-09-13T17:22:13Z" finished-at="2018-09-13T17:22:13Z">
          <reporter-output>
          </reporter-output>
        </test-method> <!-- beforeTest -->
        <test-method status="PASS" signature="beforeClass()[pri:0, instance:com.Cogniphi.School.TestSuite.SpotMyFleetSuite@5f3a4b84]" name="beforeClass" is-config="true" duration-ms="6821" started-at="2018-09-13T17:22:13Z" finished-at="2018-09-13T17:22:19Z">
          <reporter-output>
          </reporter-output>
        </test-method> <!-- beforeClass -->
        <test-method status="PASS" signature="beforeMethod(java.lang.reflect.Method)[pri:0, instance:com.Cogniphi.School.TestSuite.SpotMyFleetSuite@5f3a4b84]" name="beforeMethod" is-config="true" duration-ms="4" started-at="2018-09-13T17:22:19Z" finished-at="2018-09-13T17:22:19Z">
          <params>
            <param index="0">
              <value>
                <![CDATA[public void com.Cogniphi.School.TestSuite.SpotMyFleetSuite.TC_001_verifyVehiclesAndTrips() throws java.lang.InterruptedException]]>
              </value>
            </param>
          </params>
          <reporter-output>
          </reporter-output>
        </test-method> <!-- beforeMethod -->
        <test-method status="PASS" signature="TC_001_verifyVehiclesAndTrips()[pri:0, instance:com.Cogniphi.School.TestSuite.SpotMyFleetSuite@5f3a4b84]" name="TC_001_verifyVehiclesAndTrips" duration-ms="5" started-at="2018-09-13T17:22:19Z" finished-at="2018-09-13T17:22:19Z">
          <reporter-output>
          </reporter-output>
        </test-method> <!-- TC_001_verifyVehiclesAndTrips -->
        <test-method status="PASS" signature="toEndTest()[pri:0, instance:com.Cogniphi.School.TestSuite.SpotMyFleetSuite@5f3a4b84]" name="toEndTest" is-config="true" duration-ms="311" started-at="2018-09-13T17:22:19Z" finished-at="2018-09-13T17:22:20Z">
          <reporter-output>
          </reporter-output>
        </test-method> <!-- toEndTest -->
        <test-method status="PASS" signature="afterMethod(org.testng.ITestResult)[pri:0, instance:com.Cogniphi.School.TestSuite.SpotMyFleetSuite@5f3a4b84]" name="afterMethod" is-config="true" duration-ms="0" started-at="2018-09-13T17:22:19Z" finished-at="2018-09-13T17:22:19Z">
          <params>
            <param index="0">
              <value>
                <![CDATA[[TestResult name=TC_001_verifyVehiclesAndTrips status=SUCCESS method=SpotMyFleetSuite.TC_001_verifyVehiclesAndTrips()[pri:0, instance:com.Cogniphi.School.TestSuite.SpotMyFleetSuite@5f3a4b84] output={null}]]]>
              </value>
            </param>
          </params>
          <reporter-output>
          </reporter-output>
        </test-method> <!-- afterMethod -->
        <test-method status="PASS" signature="afterClass()[pri:0, instance:com.Cogniphi.School.TestSuite.SpotMyFleetSuite@5f3a4b84]" name="afterClass" is-config="true" duration-ms="683" started-at="2018-09-13T17:22:20Z" finished-at="2018-09-13T17:22:20Z">
          <reporter-output>
          </reporter-output>
        </test-method> <!-- afterClass -->
        <test-method status="PASS" signature="afterTest()[pri:0, instance:com.Cogniphi.School.TestSuite.SpotMyFleetSuite@5f3a4b84]" name="afterTest" is-config="true" duration-ms="46" started-at="2018-09-13T17:22:20Z" depends-on-methods="com.Cogniphi.School.TestSuite.SpotMyFleetSuite.afterClass" finished-at="2018-09-13T17:22:20Z">
          <reporter-output>
          </reporter-output>
        </test-method> <!-- afterTest -->
      </class> <!-- com.Cogniphi.School.TestSuite.SpotMyFleetSuite -->
    </test> <!-- Default test -->
  </suite> <!-- Default suite -->
</testng-results>
